<?xml version="1.0" encoding="UTF-8"?>
<testsuite name="Yo como analista de automatizacion" tests="11" skipped="0" failures="6" errors="0" timestamp="2023-02-28T13:39:50" hostname="SSBOG5CG1081NY4" time="236.226">
  <properties/>
  <testcase name="Interactuar con la alerta &quot;see alert&quot;" classname="Yo como analista de automatizacion" time="22.768"/>
  <testcase name="Interactuar con la alerta &quot;alert will appear after 5 seconds&quot;" classname="Yo como analista de automatizacion" time="18.795"/>
  <testcase name="Interactuar con la alerta &quot;confirm box will appear&quot;" classname="Yo como analista de automatizacion" time="13.48"/>
  <testcase name="Click On button click, prompt box will appear" classname="Yo como analista de automatizacion" time="16.016"/>
  <testcase name="Seleccionar fecha en &quot;Select Date&quot;" classname="Yo como analista de automatizacion" time="27.531"/>
  <testcase name="Seleccionar fecha en &quot;Date And Time&quot;" classname="Yo como analista de automatizacion" time="36.495">
    <failure message="org.openqa.selenium.ElementClickInterceptedException: element click intercepted: Element &lt;li class=&quot;react-datepicker__time-list-item &quot;&gt;...&lt;/li&gt; is not clickable at point (800, 566). Other element would receive the click: &lt;iframe id=&quot;google_ads_iframe_/21849154601,22343295815/Ad.Plus-Anchor_0&quot; name=&quot;google_ads_iframe_/21849154601,22343295815/Ad.Plus-Anchor_0&quot; title=&quot;3rd party ad content&quot; width=&quot;970&quot; height=&quot;90&quot; scrolling=&quot;no&quot; marginwidth=&quot;0&quot; marginheight=&quot;0&quot; frameborder=&quot;0&quot; role=&quot;region&quot; aria-label=&quot;Advertisement&quot; tabindex=&quot;0&quot; style=&quot;border: 0px; vertical-align: bottom; width: 970px; height: 88px;&quot; data-load-complete=&quot;true&quot; data-google-container-id=&quot;1&quot;&gt;&lt;/iframe&gt;&#10;  (Session info: chrome=110.0.5481.105)&#10;Build info: version: '4.8.0', revision: '267030adea'&#10;System info: os.name: 'Windows 10', os.arch: 'amd64', os.version: '10.0', java.version: '1.8.0_351'&#10;Driver info: org.openqa.selenium.chrome.ChromeDriver&#10;Command: [afec674bd80a3d076c20cc20475adc40, clickElement {id=9d4d87c8-63fd-417d-b301-cbe8bd86744a}]&#10;Capabilities {acceptInsecureCerts: false, browserName: chrome, browserVersion: 110.0.5481.105, chrome: {chromedriverVersion: 110.0.5481.77 (65ed616c6e8e..., userDataDir: C:\Users\JULIAN~1.GAR\AppDa...}, goog:chromeOptions: {debuggerAddress: localhost:64552}, networkConnectionEnabled: false, pageLoadStrategy: normal, platformName: WINDOWS, proxy: Proxy(), se:cdp: ws://localhost:64552/devtoo..., se:cdpVersion: 110.0.5481.105, setWindowRect: true, strictFileInteractability: false, timeouts: {implicit: 0, pageLoad: 300000, script: 30000}, unhandledPromptBehavior: dismiss and notify, webauthn:extension:credBlob: true, webauthn:extension:largeBlob: true, webauthn:virtualAuthenticators: true}&#10;Element: [[ChromeDriver: chrome on WINDOWS (afec674bd80a3d076c20cc20475adc40)] -&gt; xpath: //li[text()='10:00']]&#10;Session ID: afec674bd80a3d076c20cc20475adc40" type="org.openqa.selenium.ElementClickInterceptedException">org.openqa.selenium.ElementClickInterceptedException: element click intercepted: Element &lt;li class=&quot;react-datepicker__time-list-item &quot;&gt;...&lt;/li&gt; is not clickable at point (800, 566). Other element would receive the click: &lt;iframe id=&quot;google_ads_iframe_/21849154601,22343295815/Ad.Plus-Anchor_0&quot; name=&quot;google_ads_iframe_/21849154601,22343295815/Ad.Plus-Anchor_0&quot; title=&quot;3rd party ad content&quot; width=&quot;970&quot; height=&quot;90&quot; scrolling=&quot;no&quot; marginwidth=&quot;0&quot; marginheight=&quot;0&quot; frameborder=&quot;0&quot; role=&quot;region&quot; aria-label=&quot;Advertisement&quot; tabindex=&quot;0&quot; style=&quot;border: 0px; vertical-align: bottom; width: 970px; height: 88px;&quot; data-load-complete=&quot;true&quot; data-google-container-id=&quot;1&quot;&gt;&lt;/iframe&gt;
  (Session info: chrome=110.0.5481.105)
Build info: version: '4.8.0', revision: '267030adea'
System info: os.name: 'Windows 10', os.arch: 'amd64', os.version: '10.0', java.version: '1.8.0_351'
Driver info: org.openqa.selenium.chrome.ChromeDriver
Command: [afec674bd80a3d076c20cc20475adc40, clickElement {id=9d4d87c8-63fd-417d-b301-cbe8bd86744a}]
Capabilities {acceptInsecureCerts: false, browserName: chrome, browserVersion: 110.0.5481.105, chrome: {chromedriverVersion: 110.0.5481.77 (65ed616c6e8e..., userDataDir: C:\Users\JULIAN~1.GAR\AppDa...}, goog:chromeOptions: {debuggerAddress: localhost:64552}, networkConnectionEnabled: false, pageLoadStrategy: normal, platformName: WINDOWS, proxy: Proxy(), se:cdp: ws://localhost:64552/devtoo..., se:cdpVersion: 110.0.5481.105, setWindowRect: true, strictFileInteractability: false, timeouts: {implicit: 0, pageLoad: 300000, script: 30000}, unhandledPromptBehavior: dismiss and notify, webauthn:extension:credBlob: true, webauthn:extension:largeBlob: true, webauthn:virtualAuthenticators: true}
Element: [[ChromeDriver: chrome on WINDOWS (afec674bd80a3d076c20cc20475adc40)] -&gt; xpath: //li[text()='10:00']]
Session ID: afec674bd80a3d076c20cc20475adc40
	at sun.reflect.NativeConstructorAccessorImpl.newInstance0(Native Method)
	at sun.reflect.NativeConstructorAccessorImpl.newInstance(NativeConstructorAccessorImpl.java:62)
	at sun.reflect.DelegatingConstructorAccessorImpl.newInstance(DelegatingConstructorAccessorImpl.java:45)
	at java.lang.reflect.Constructor.newInstance(Constructor.java:423)
	at org.openqa.selenium.remote.codec.w3c.W3CHttpResponseCodec.createException(W3CHttpResponseCodec.java:200)
	at org.openqa.selenium.remote.codec.w3c.W3CHttpResponseCodec.decode(W3CHttpResponseCodec.java:133)
	at org.openqa.selenium.remote.codec.w3c.W3CHttpResponseCodec.decode(W3CHttpResponseCodec.java:53)
	at org.openqa.selenium.remote.HttpCommandExecutor.execute(HttpCommandExecutor.java:184)
	at org.openqa.selenium.remote.service.DriverCommandExecutor.invokeExecute(DriverCommandExecutor.java:167)
	at org.openqa.selenium.remote.service.DriverCommandExecutor.execute(DriverCommandExecutor.java:142)
	at org.openqa.selenium.remote.RemoteWebDriver.execute(RemoteWebDriver.java:543)
	at org.openqa.selenium.remote.RemoteWebElement.execute(RemoteWebElement.java:257)
	at org.openqa.selenium.remote.RemoteWebElement.click(RemoteWebElement.java:78)
	at net.serenitybdd.core.pages.WebElementFacadeImpl.lambda$click$6(WebElementFacadeImpl.java:1213)
	at net.serenitybdd.core.pages.WithRetries.perform(WithRetries.java:22)
	at net.serenitybdd.core.pages.WithRetries.perform(WithRetries.java:27)
	at net.serenitybdd.core.pages.WithRetries.perform(WithRetries.java:27)
	at net.serenitybdd.core.pages.WithRetries.perform(WithRetries.java:27)
	at net.serenitybdd.core.pages.WithRetries.perform(WithRetries.java:27)
	at net.serenitybdd.core.pages.WithRetries.perform(WithRetries.java:27)
	at net.serenitybdd.core.pages.WithRetries.perform(WithRetries.java:27)
	at net.serenitybdd.core.pages.WithRetries.perform(WithRetries.java:27)
	at net.serenitybdd.core.pages.WithRetries.perform(WithRetries.java:27)
	at net.serenitybdd.core.pages.WithRetries.perform(WithRetries.java:27)
	at net.serenitybdd.core.pages.WithRetries.perform(WithRetries.java:27)
	at net.serenitybdd.core.pages.WithRetries.perform(WithRetries.java:27)
	at net.serenitybdd.core.pages.WebElementFacadeImpl.click(WebElementFacadeImpl.java:1213)
	at net.serenitybdd.screenplay.actions.ClickOnTarget.performAs(ClickOnTarget.java:14)
	at net.serenitybdd.screenplay.actions.ClickOnTarget$ByteBuddy$lbE0enea.performAs$accessor$aTG34Cfy(Unknown Source)
	at sun.reflect.GeneratedMethodAccessor68.invoke(Unknown Source)
	at sun.reflect.DelegatingMethodAccessorImpl.invoke(DelegatingMethodAccessorImpl.java:43)
	at java.lang.reflect.Method.invoke(Method.java:498)
	at net.thucydides.core.steps.StepInterceptor.invokeMethod(StepInterceptor.java:518)
	at net.thucydides.core.steps.StepInterceptor.executeTestStepMethod(StepInterceptor.java:498)
	at net.thucydides.core.steps.StepInterceptor.runTestStep(StepInterceptor.java:472)
	at net.thucydides.core.steps.StepInterceptor.runOrSkipMethod(StepInterceptor.java:211)
	at net.thucydides.core.steps.StepInterceptor.testStepResult(StepInterceptor.java:198)
	at net.thucydides.core.steps.StepInterceptor.intercept(StepInterceptor.java:86)
	at net.thucydides.core.steps.ProxyConfiguration$InterceptorDispatcher.intercept(ProxyConfiguration.java:51)
	at net.serenitybdd.screenplay.actions.ClickOnTarget$ByteBuddy$lbE0enea.performAs(Unknown Source)
	at net.serenitybdd.screenplay.Actor.performTask(Actor.java:291)
	at net.serenitybdd.screenplay.Actor.perform(Actor.java:270)
	at net.serenitybdd.screenplay.Actor.attemptsTo(Actor.java:210)
	at net.serenitybdd.screenplay.Actor.attemptsTo(Actor.java:217)
	at com.sophossolutions.tasks.date_pickers.SeleccionarFechaTime.performAs(SeleccionarFechaTime.java:23)
	at com.sophossolutions.tasks.date_pickers.SeleccionarFechaTime$ByteBuddy$rynaMOmY.performAs$accessor$Myyn6tGc(Unknown Source)
	at sun.reflect.NativeMethodAccessorImpl.invoke0(Native Method)
	at sun.reflect.NativeMethodAccessorImpl.invoke(NativeMethodAccessorImpl.java:62)
	at sun.reflect.DelegatingMethodAccessorImpl.invoke(DelegatingMethodAccessorImpl.java:43)
	at java.lang.reflect.Method.invoke(Method.java:498)
	at net.thucydides.core.steps.StepInterceptor.invokeMethod(StepInterceptor.java:518)
	at net.thucydides.core.steps.StepInterceptor.executeTestStepMethod(StepInterceptor.java:498)
	at net.thucydides.core.steps.StepInterceptor.runTestStep(StepInterceptor.java:472)
	at net.thucydides.core.steps.StepInterceptor.runOrSkipMethod(StepInterceptor.java:211)
	at net.thucydides.core.steps.StepInterceptor.testStepResult(StepInterceptor.java:198)
	at net.thucydides.core.steps.StepInterceptor.intercept(StepInterceptor.java:86)
	at net.thucydides.core.steps.ProxyConfiguration$InterceptorDispatcher.intercept(ProxyConfiguration.java:51)
	at com.sophossolutions.tasks.date_pickers.SeleccionarFechaTime$ByteBuddy$rynaMOmY.performAs(Unknown Source)
	at net.serenitybdd.screenplay.Actor.performTask(Actor.java:291)
	at net.serenitybdd.screenplay.Actor.perform(Actor.java:270)
	at net.serenitybdd.screenplay.Actor.attemptsTo(Actor.java:210)
	at net.serenitybdd.screenplay.Actor.attemptsTo(Actor.java:217)
	at com.sophossolutions.stepdefinitions.DatePickerStepDefinitions.seleccionaLaFechaYHoraEnDateAndTime(DatePickerStepDefinitions.java:32)
	at ✽.selecciona la fecha y hora en Date And Time(file:///C:/Users/julian.garay/WorkSpaceVSC/EjerciciosPracticos/src/test/resources/features/date_picker.feature:16)
</failure>
  </testcase>
  <testcase name="Eliminar un registro a una tabla #1" classname="Yo como analista de automatizacion" time="15.539">
    <failure message="java.lang.IllegalArgumentException: Could not find a matching constructor for class class com.sophossolutions.tasks.web_tables.ValidarRegistro with parameters [Cierra]" type="java.lang.IllegalArgumentException">java.lang.IllegalArgumentException: Could not find a matching constructor for class class com.sophossolutions.tasks.web_tables.ValidarRegistro with parameters [Cierra]
	at net.thucydides.core.steps.StepFactory.argumentTypesFrom(StepFactory.java:307)
	at net.thucydides.core.steps.StepFactory.immutableStepLibrary(StepFactory.java:295)
	at net.thucydides.core.steps.StepFactory.createProxyStepLibrary(StepFactory.java:251)
	at net.thucydides.core.steps.StepFactory.instantiateUniqueStepLibraryFor(StepFactory.java:219)
	at net.thucydides.core.steps.StepFactory.getUniqueStepLibraryFor(StepFactory.java:153)
	at net.serenitybdd.screenplay.Tasks.instrumented(Tasks.java:12)
	at com.sophossolutions.tasks.web_tables.ValidarRegistro.validarRegistro(ValidarRegistro.java:37)
	at com.sophossolutions.stepdefinitions.WebTablesStepDefinitions.confirmaElRegistroConPrimerNombre(WebTablesStepDefinitions.java:38)
	at ✽.confirma el registro eliminado con primer nombre Cierra(file:///C:/Users/julian.garay/WorkSpaceVSC/EjerciciosPracticos/src/test/resources/features/web_tables.feature:10)
</failure>
  </testcase>
  <testcase name="Eliminar un registro a una tabla #2" classname="Yo como analista de automatizacion" time="15.251">
    <failure message="java.lang.IllegalArgumentException: Could not find a matching constructor for class class com.sophossolutions.tasks.web_tables.ValidarRegistro with parameters [Alden]" type="java.lang.IllegalArgumentException">java.lang.IllegalArgumentException: Could not find a matching constructor for class class com.sophossolutions.tasks.web_tables.ValidarRegistro with parameters [Alden]
	at net.thucydides.core.steps.StepFactory.argumentTypesFrom(StepFactory.java:307)
	at net.thucydides.core.steps.StepFactory.immutableStepLibrary(StepFactory.java:295)
	at net.thucydides.core.steps.StepFactory.createProxyStepLibrary(StepFactory.java:251)
	at net.thucydides.core.steps.StepFactory.instantiateUniqueStepLibraryFor(StepFactory.java:219)
	at net.thucydides.core.steps.StepFactory.getUniqueStepLibraryFor(StepFactory.java:153)
	at net.serenitybdd.screenplay.Tasks.instrumented(Tasks.java:12)
	at com.sophossolutions.tasks.web_tables.ValidarRegistro.validarRegistro(ValidarRegistro.java:37)
	at com.sophossolutions.stepdefinitions.WebTablesStepDefinitions.confirmaElRegistroConPrimerNombre(WebTablesStepDefinitions.java:38)
	at ✽.confirma el registro eliminado con primer nombre Alden(file:///C:/Users/julian.garay/WorkSpaceVSC/EjerciciosPracticos/src/test/resources/features/web_tables.feature:10)
</failure>
  </testcase>
  <testcase name="Eliminar un registro a una tabla #3" classname="Yo como analista de automatizacion" time="14.847">
    <failure message="java.lang.IllegalArgumentException: Could not find a matching constructor for class class com.sophossolutions.tasks.web_tables.ValidarRegistro with parameters [Kierra]" type="java.lang.IllegalArgumentException">java.lang.IllegalArgumentException: Could not find a matching constructor for class class com.sophossolutions.tasks.web_tables.ValidarRegistro with parameters [Kierra]
	at net.thucydides.core.steps.StepFactory.argumentTypesFrom(StepFactory.java:307)
	at net.thucydides.core.steps.StepFactory.immutableStepLibrary(StepFactory.java:295)
	at net.thucydides.core.steps.StepFactory.createProxyStepLibrary(StepFactory.java:251)
	at net.thucydides.core.steps.StepFactory.instantiateUniqueStepLibraryFor(StepFactory.java:219)
	at net.thucydides.core.steps.StepFactory.getUniqueStepLibraryFor(StepFactory.java:153)
	at net.serenitybdd.screenplay.Tasks.instrumented(Tasks.java:12)
	at com.sophossolutions.tasks.web_tables.ValidarRegistro.validarRegistro(ValidarRegistro.java:37)
	at com.sophossolutions.stepdefinitions.WebTablesStepDefinitions.confirmaElRegistroConPrimerNombre(WebTablesStepDefinitions.java:38)
	at ✽.confirma el registro eliminado con primer nombre Kierra(file:///C:/Users/julian.garay/WorkSpaceVSC/EjerciciosPracticos/src/test/resources/features/web_tables.feature:10)
</failure>
  </testcase>
  <testcase name="Agregar un nuevo registro a una tabla #1" classname="Yo como analista de automatizacion" time="20.313">
    <failure message="java.lang.IllegalArgumentException: Could not find a matching constructor for class class com.sophossolutions.tasks.web_tables.ValidarRegistro with parameters [Julian]" type="java.lang.IllegalArgumentException">java.lang.IllegalArgumentException: Could not find a matching constructor for class class com.sophossolutions.tasks.web_tables.ValidarRegistro with parameters [Julian]
	at net.thucydides.core.steps.StepFactory.argumentTypesFrom(StepFactory.java:307)
	at net.thucydides.core.steps.StepFactory.immutableStepLibrary(StepFactory.java:295)
	at net.thucydides.core.steps.StepFactory.createProxyStepLibrary(StepFactory.java:251)
	at net.thucydides.core.steps.StepFactory.instantiateUniqueStepLibraryFor(StepFactory.java:219)
	at net.thucydides.core.steps.StepFactory.getUniqueStepLibraryFor(StepFactory.java:153)
	at net.serenitybdd.screenplay.Tasks.instrumented(Tasks.java:12)
	at com.sophossolutions.tasks.web_tables.ValidarRegistro.validarRegistro(ValidarRegistro.java:37)
	at com.sophossolutions.stepdefinitions.WebTablesStepDefinitions.confirmaElRegistroConPrimerNombre(WebTablesStepDefinitions.java:38)
	at ✽.confirma el registro creado con primer nombre Julian(file:///C:/Users/julian.garay/WorkSpaceVSC/EjerciciosPracticos/src/test/resources/features/web_tables.feature:29)
</failure>
  </testcase>
  <testcase name="Agregar un nuevo registro a una tabla #2" classname="Yo como analista de automatizacion" time="19.255">
    <failure message="java.lang.IllegalArgumentException: Could not find a matching constructor for class class com.sophossolutions.tasks.web_tables.ValidarRegistro with parameters [Jenny]" type="java.lang.IllegalArgumentException">java.lang.IllegalArgumentException: Could not find a matching constructor for class class com.sophossolutions.tasks.web_tables.ValidarRegistro with parameters [Jenny]
	at net.thucydides.core.steps.StepFactory.argumentTypesFrom(StepFactory.java:307)
	at net.thucydides.core.steps.StepFactory.immutableStepLibrary(StepFactory.java:295)
	at net.thucydides.core.steps.StepFactory.createProxyStepLibrary(StepFactory.java:251)
	at net.thucydides.core.steps.StepFactory.instantiateUniqueStepLibraryFor(StepFactory.java:219)
	at net.thucydides.core.steps.StepFactory.getUniqueStepLibraryFor(StepFactory.java:153)
	at net.serenitybdd.screenplay.Tasks.instrumented(Tasks.java:12)
	at com.sophossolutions.tasks.web_tables.ValidarRegistro.validarRegistro(ValidarRegistro.java:37)
	at com.sophossolutions.stepdefinitions.WebTablesStepDefinitions.confirmaElRegistroConPrimerNombre(WebTablesStepDefinitions.java:38)
	at ✽.confirma el registro creado con primer nombre Jenny(file:///C:/Users/julian.garay/WorkSpaceVSC/EjerciciosPracticos/src/test/resources/features/web_tables.feature:29)
</failure>
  </testcase>
  <system-out><![CDATA[]]></system-out>
  <system-err><![CDATA[Starting ChromeDriver 110.0.5481.77 (65ed616c6e8ee3fe0ad64fe83796c020644d42af-refs/branch-heads/5481@{#839}) on port 7035
Only local connections are allowed.
Please see https://chromedriver.chromium.org/security-considerations for suggestions on keeping ChromeDriver safe.
ChromeDriver was started successfully.
[1677591598.137][WARNING]: virtual void DevToolsClientImpl::AddListener(DevToolsEventListener *) subscribing a listener to the already connected DevToolsClient. Connection notification will not arrive.
feb 28, 2023 8:39:58 AM org.openqa.selenium.devtools.CdpVersionFinder findNearestMatch
ADVERTENCIA: Unable to find an exact match for CDP version 110, so returning the closest version found: 109
Starting ChromeDriver 110.0.5481.77 (65ed616c6e8ee3fe0ad64fe83796c020644d42af-refs/branch-heads/5481@{#839}) on port 13364
Only local connections are allowed.
Please see https://chromedriver.chromium.org/security-considerations for suggestions on keeping ChromeDriver safe.
ChromeDriver was started successfully.
[1677591615.622][WARNING]: virtual void DevToolsClientImpl::AddListener(DevToolsEventListener *) subscribing a listener to the already connected DevToolsClient. Connection notification will not arrive.
feb 28, 2023 8:40:15 AM org.openqa.selenium.devtools.CdpVersionFinder findNearestMatch
ADVERTENCIA: Unable to find an exact match for CDP version 110, so returning the closest version found: 109
Starting ChromeDriver 110.0.5481.77 (65ed616c6e8ee3fe0ad64fe83796c020644d42af-refs/branch-heads/5481@{#839}) on port 9860
Only local connections are allowed.
Please see https://chromedriver.chromium.org/security-considerations for suggestions on keeping ChromeDriver safe.
ChromeDriver was started successfully.
[1677591634.542][WARNING]: virtual void DevToolsClientImpl::AddListener(DevToolsEventListener *) subscribing a listener to the already connected DevToolsClient. Connection notification will not arrive.
feb 28, 2023 8:40:34 AM org.openqa.selenium.devtools.CdpVersionFinder findNearestMatch
ADVERTENCIA: Unable to find an exact match for CDP version 110, so returning the closest version found: 109
Starting ChromeDriver 110.0.5481.77 (65ed616c6e8ee3fe0ad64fe83796c020644d42af-refs/branch-heads/5481@{#839}) on port 31425
Only local connections are allowed.
Please see https://chromedriver.chromium.org/security-considerations for suggestions on keeping ChromeDriver safe.
ChromeDriver was started successfully.
[1677591648.002][WARNING]: virtual void DevToolsClientImpl::AddListener(DevToolsEventListener *) subscribing a listener to the already connected DevToolsClient. Connection notification will not arrive.
feb 28, 2023 8:40:48 AM org.openqa.selenium.devtools.CdpVersionFinder findNearestMatch
ADVERTENCIA: Unable to find an exact match for CDP version 110, so returning the closest version found: 109
Starting ChromeDriver 110.0.5481.77 (65ed616c6e8ee3fe0ad64fe83796c020644d42af-refs/branch-heads/5481@{#839}) on port 2640
Only local connections are allowed.
Please see https://chromedriver.chromium.org/security-considerations for suggestions on keeping ChromeDriver safe.
ChromeDriver was started successfully.
[1677591686.545][WARNING]: virtual void DevToolsClientImpl::AddListener(DevToolsEventListener *) subscribing a listener to the already connected DevToolsClient. Connection notification will not arrive.
feb 28, 2023 8:41:26 AM org.openqa.selenium.devtools.CdpVersionFinder findNearestMatch
ADVERTENCIA: Unable to find an exact match for CDP version 110, so returning the closest version found: 109
Starting ChromeDriver 110.0.5481.77 (65ed616c6e8ee3fe0ad64fe83796c020644d42af-refs/branch-heads/5481@{#839}) on port 34342
Only local connections are allowed.
Please see https://chromedriver.chromium.org/security-considerations for suggestions on keeping ChromeDriver safe.
ChromeDriver was started successfully.
[1677591707.127][WARNING]: virtual void DevToolsClientImpl::AddListener(DevToolsEventListener *) subscribing a listener to the already connected DevToolsClient. Connection notification will not arrive.
feb 28, 2023 8:41:47 AM org.openqa.selenium.devtools.CdpVersionFinder findNearestMatch
ADVERTENCIA: Unable to find an exact match for CDP version 110, so returning the closest version found: 109
Starting ChromeDriver 110.0.5481.77 (65ed616c6e8ee3fe0ad64fe83796c020644d42af-refs/branch-heads/5481@{#839}) on port 9459
Only local connections are allowed.
Please see https://chromedriver.chromium.org/security-considerations for suggestions on keeping ChromeDriver safe.
ChromeDriver was started successfully.
[1677591744.083][WARNING]: virtual void DevToolsClientImpl::AddListener(DevToolsEventListener *) subscribing a listener to the already connected DevToolsClient. Connection notification will not arrive.
feb 28, 2023 8:42:24 AM org.openqa.selenium.devtools.CdpVersionFinder findNearestMatch
ADVERTENCIA: Unable to find an exact match for CDP version 110, so returning the closest version found: 109
Starting ChromeDriver 110.0.5481.77 (65ed616c6e8ee3fe0ad64fe83796c020644d42af-refs/branch-heads/5481@{#839}) on port 3872
Only local connections are allowed.
Please see https://chromedriver.chromium.org/security-considerations for suggestions on keeping ChromeDriver safe.
ChromeDriver was started successfully.
[1677591759.516][WARNING]: virtual void DevToolsClientImpl::AddListener(DevToolsEventListener *) subscribing a listener to the already connected DevToolsClient. Connection notification will not arrive.
feb 28, 2023 8:42:39 AM org.openqa.selenium.devtools.CdpVersionFinder findNearestMatch
ADVERTENCIA: Unable to find an exact match for CDP version 110, so returning the closest version found: 109
Starting ChromeDriver 110.0.5481.77 (65ed616c6e8ee3fe0ad64fe83796c020644d42af-refs/branch-heads/5481@{#839}) on port 47541
Only local connections are allowed.
Please see https://chromedriver.chromium.org/security-considerations for suggestions on keeping ChromeDriver safe.
ChromeDriver was started successfully.
[1677591774.723][WARNING]: virtual void DevToolsClientImpl::AddListener(DevToolsEventListener *) subscribing a listener to the already connected DevToolsClient. Connection notification will not arrive.
feb 28, 2023 8:42:54 AM org.openqa.selenium.devtools.CdpVersionFinder findNearestMatch
ADVERTENCIA: Unable to find an exact match for CDP version 110, so returning the closest version found: 109
Starting ChromeDriver 110.0.5481.77 (65ed616c6e8ee3fe0ad64fe83796c020644d42af-refs/branch-heads/5481@{#839}) on port 22137
Only local connections are allowed.
Please see https://chromedriver.chromium.org/security-considerations for suggestions on keeping ChromeDriver safe.
ChromeDriver was started successfully.
[1677591789.585][WARNING]: virtual void DevToolsClientImpl::AddListener(DevToolsEventListener *) subscribing a listener to the already connected DevToolsClient. Connection notification will not arrive.
feb 28, 2023 8:43:09 AM org.openqa.selenium.devtools.CdpVersionFinder findNearestMatch
ADVERTENCIA: Unable to find an exact match for CDP version 110, so returning the closest version found: 109
Starting ChromeDriver 110.0.5481.77 (65ed616c6e8ee3fe0ad64fe83796c020644d42af-refs/branch-heads/5481@{#839}) on port 10500
Only local connections are allowed.
Please see https://chromedriver.chromium.org/security-considerations for suggestions on keeping ChromeDriver safe.
ChromeDriver was started successfully.
[1677591809.941][WARNING]: virtual void DevToolsClientImpl::AddListener(DevToolsEventListener *) subscribing a listener to the already connected DevToolsClient. Connection notification will not arrive.
feb 28, 2023 8:43:30 AM org.openqa.selenium.devtools.CdpVersionFinder findNearestMatch
ADVERTENCIA: Unable to find an exact match for CDP version 110, so returning the closest version found: 109
]]></system-err>
</testsuite>
