<!DOCTYPE html>
<html>
<head>
<meta http-equiv="Content-Type" content="text/html; charset=utf-8"/>
<meta http-equiv="x-ua-compatible" content="IE=edge"/>
<title>Test results - Class Yo como analista de automatizacion</title>
<link href="../css/base-style.css" rel="stylesheet" type="text/css"/>
<link href="../css/style.css" rel="stylesheet" type="text/css"/>
<script src="../js/report.js" type="text/javascript"></script>
</head>
<body>
<div id="content">
<h1>Class Yo como analista de automatizacion</h1>
<div class="breadcrumbs">
<a href="../index.html">all</a> &gt; 
<a href="../packages/default-package.html">default-package</a> &gt; Yo como analista de automatizacion</div>
<div id="summary">
<table>
<tr>
<td>
<div class="summaryGroup">
<table>
<tr>
<td>
<div class="infoBox" id="tests">
<div class="counter">11</div>
<p>tests</p>
</div>
</td>
<td>
<div class="infoBox" id="failures">
<div class="counter">6</div>
<p>failures</p>
</div>
</td>
<td>
<div class="infoBox" id="ignored">
<div class="counter">0</div>
<p>ignored</p>
</div>
</td>
<td>
<div class="infoBox" id="duration">
<div class="counter">3m40.29s</div>
<p>duration</p>
</div>
</td>
</tr>
</table>
</div>
</td>
<td>
<div class="infoBox failures" id="successRate">
<div class="percent">45%</div>
<p>successful</p>
</div>
</td>
</tr>
</table>
</div>
<div id="tabs">
<ul class="tabLinks">
<li>
<a href="#tab0">Failed tests</a>
</li>
<li>
<a href="#tab1">Tests</a>
</li>
<li>
<a href="#tab2">Standard error</a>
</li>
</ul>
<div id="tab0" class="tab">
<h2>Failed tests</h2>
<div class="test">
<a name="Agregar un nuevo registro a una tabla #1"></a>
<h3 class="failures">Agregar un nuevo registro a una tabla #1</h3>
<span class="code">
<pre>java.lang.IllegalArgumentException: Could not find a matching constructor for class class com.sophossolutions.tasks.web_tables.ValidarRegistro with parameters [Julian]
	at net.thucydides.core.steps.StepFactory.argumentTypesFrom(StepFactory.java:307)
	at net.thucydides.core.steps.StepFactory.immutableStepLibrary(StepFactory.java:295)
	at net.thucydides.core.steps.StepFactory.createProxyStepLibrary(StepFactory.java:251)
	at net.thucydides.core.steps.StepFactory.instantiateUniqueStepLibraryFor(StepFactory.java:219)
	at net.thucydides.core.steps.StepFactory.getUniqueStepLibraryFor(StepFactory.java:153)
	at net.serenitybdd.screenplay.Tasks.instrumented(Tasks.java:12)
	at com.sophossolutions.tasks.web_tables.ValidarRegistro.validarRegistro(ValidarRegistro.java:37)
	at com.sophossolutions.stepdefinitions.WebTablesStepDefinitions.confirmaElRegistroConPrimerNombre(WebTablesStepDefinitions.java:38)
	at ✽.confirma el registro creado con primer nombre Julian(file:///C:/Users/julian.garay/WorkSpaceVSC/EjerciciosPracticos/src/test/resources/features/web_tables.feature:29)
</pre>
</span>
</div>
<div class="test">
<a name="Agregar un nuevo registro a una tabla #2"></a>
<h3 class="failures">Agregar un nuevo registro a una tabla #2</h3>
<span class="code">
<pre>java.lang.IllegalArgumentException: Could not find a matching constructor for class class com.sophossolutions.tasks.web_tables.ValidarRegistro with parameters [Jenny]
	at net.thucydides.core.steps.StepFactory.argumentTypesFrom(StepFactory.java:307)
	at net.thucydides.core.steps.StepFactory.immutableStepLibrary(StepFactory.java:295)
	at net.thucydides.core.steps.StepFactory.createProxyStepLibrary(StepFactory.java:251)
	at net.thucydides.core.steps.StepFactory.instantiateUniqueStepLibraryFor(StepFactory.java:219)
	at net.thucydides.core.steps.StepFactory.getUniqueStepLibraryFor(StepFactory.java:153)
	at net.serenitybdd.screenplay.Tasks.instrumented(Tasks.java:12)
	at com.sophossolutions.tasks.web_tables.ValidarRegistro.validarRegistro(ValidarRegistro.java:37)
	at com.sophossolutions.stepdefinitions.WebTablesStepDefinitions.confirmaElRegistroConPrimerNombre(WebTablesStepDefinitions.java:38)
	at ✽.confirma el registro creado con primer nombre Jenny(file:///C:/Users/julian.garay/WorkSpaceVSC/EjerciciosPracticos/src/test/resources/features/web_tables.feature:29)
</pre>
</span>
</div>
<div class="test">
<a name="Eliminar un registro a una tabla #1"></a>
<h3 class="failures">Eliminar un registro a una tabla #1</h3>
<span class="code">
<pre>java.lang.IllegalArgumentException: Could not find a matching constructor for class class com.sophossolutions.tasks.web_tables.ValidarRegistro with parameters [Cierra]
	at net.thucydides.core.steps.StepFactory.argumentTypesFrom(StepFactory.java:307)
	at net.thucydides.core.steps.StepFactory.immutableStepLibrary(StepFactory.java:295)
	at net.thucydides.core.steps.StepFactory.createProxyStepLibrary(StepFactory.java:251)
	at net.thucydides.core.steps.StepFactory.instantiateUniqueStepLibraryFor(StepFactory.java:219)
	at net.thucydides.core.steps.StepFactory.getUniqueStepLibraryFor(StepFactory.java:153)
	at net.serenitybdd.screenplay.Tasks.instrumented(Tasks.java:12)
	at com.sophossolutions.tasks.web_tables.ValidarRegistro.validarRegistro(ValidarRegistro.java:37)
	at com.sophossolutions.stepdefinitions.WebTablesStepDefinitions.confirmaElRegistroConPrimerNombre(WebTablesStepDefinitions.java:38)
	at ✽.confirma el registro eliminado con primer nombre Cierra(file:///C:/Users/julian.garay/WorkSpaceVSC/EjerciciosPracticos/src/test/resources/features/web_tables.feature:10)
</pre>
</span>
</div>
<div class="test">
<a name="Eliminar un registro a una tabla #2"></a>
<h3 class="failures">Eliminar un registro a una tabla #2</h3>
<span class="code">
<pre>java.lang.IllegalArgumentException: Could not find a matching constructor for class class com.sophossolutions.tasks.web_tables.ValidarRegistro with parameters [Alden]
	at net.thucydides.core.steps.StepFactory.argumentTypesFrom(StepFactory.java:307)
	at net.thucydides.core.steps.StepFactory.immutableStepLibrary(StepFactory.java:295)
	at net.thucydides.core.steps.StepFactory.createProxyStepLibrary(StepFactory.java:251)
	at net.thucydides.core.steps.StepFactory.instantiateUniqueStepLibraryFor(StepFactory.java:219)
	at net.thucydides.core.steps.StepFactory.getUniqueStepLibraryFor(StepFactory.java:153)
	at net.serenitybdd.screenplay.Tasks.instrumented(Tasks.java:12)
	at com.sophossolutions.tasks.web_tables.ValidarRegistro.validarRegistro(ValidarRegistro.java:37)
	at com.sophossolutions.stepdefinitions.WebTablesStepDefinitions.confirmaElRegistroConPrimerNombre(WebTablesStepDefinitions.java:38)
	at ✽.confirma el registro eliminado con primer nombre Alden(file:///C:/Users/julian.garay/WorkSpaceVSC/EjerciciosPracticos/src/test/resources/features/web_tables.feature:10)
</pre>
</span>
</div>
<div class="test">
<a name="Eliminar un registro a una tabla #3"></a>
<h3 class="failures">Eliminar un registro a una tabla #3</h3>
<span class="code">
<pre>java.lang.IllegalArgumentException: Could not find a matching constructor for class class com.sophossolutions.tasks.web_tables.ValidarRegistro with parameters [Kierra]
	at net.thucydides.core.steps.StepFactory.argumentTypesFrom(StepFactory.java:307)
	at net.thucydides.core.steps.StepFactory.immutableStepLibrary(StepFactory.java:295)
	at net.thucydides.core.steps.StepFactory.createProxyStepLibrary(StepFactory.java:251)
	at net.thucydides.core.steps.StepFactory.instantiateUniqueStepLibraryFor(StepFactory.java:219)
	at net.thucydides.core.steps.StepFactory.getUniqueStepLibraryFor(StepFactory.java:153)
	at net.serenitybdd.screenplay.Tasks.instrumented(Tasks.java:12)
	at com.sophossolutions.tasks.web_tables.ValidarRegistro.validarRegistro(ValidarRegistro.java:37)
	at com.sophossolutions.stepdefinitions.WebTablesStepDefinitions.confirmaElRegistroConPrimerNombre(WebTablesStepDefinitions.java:38)
	at ✽.confirma el registro eliminado con primer nombre Kierra(file:///C:/Users/julian.garay/WorkSpaceVSC/EjerciciosPracticos/src/test/resources/features/web_tables.feature:10)
</pre>
</span>
</div>
<div class="test">
<a name="Seleccionar fecha en &quot;Date And Time&quot;"></a>
<h3 class="failures">Seleccionar fecha en &quot;Date And Time&quot;</h3>
<span class="code">
<pre>org.openqa.selenium.ElementClickInterceptedException: element click intercepted: Element &lt;li class=&quot;react-datepicker__time-list-item &quot;&gt;...&lt;/li&gt; is not clickable at point (800, 566). Other element would receive the click: &lt;iframe id=&quot;google_ads_iframe_/21849154601,22343295815/Ad.Plus-Anchor_0&quot; name=&quot;google_ads_iframe_/21849154601,22343295815/Ad.Plus-Anchor_0&quot; title=&quot;3rd party ad content&quot; width=&quot;970&quot; height=&quot;90&quot; scrolling=&quot;no&quot; marginwidth=&quot;0&quot; marginheight=&quot;0&quot; frameborder=&quot;0&quot; role=&quot;region&quot; aria-label=&quot;Advertisement&quot; tabindex=&quot;0&quot; style=&quot;border: 0px; vertical-align: bottom; width: 970px; height: 88px;&quot; data-load-complete=&quot;true&quot; data-google-container-id=&quot;1&quot;&gt;&lt;/iframe&gt;
  (Session info: chrome=110.0.5481.105)
Build info: version: '4.8.0', revision: '267030adea'
System info: os.name: 'Windows 10', os.arch: 'amd64', os.version: '10.0', java.version: '1.8.0_351'
Driver info: org.openqa.selenium.chrome.ChromeDriver
Command: [afec674bd80a3d076c20cc20475adc40, clickElement {id=9d4d87c8-63fd-417d-b301-cbe8bd86744a}]
Capabilities {acceptInsecureCerts: false, browserName: chrome, browserVersion: 110.0.5481.105, chrome: {chromedriverVersion: 110.0.5481.77 (65ed616c6e8e..., userDataDir: C:\Users\JULIAN~1.GAR\AppDa...}, goog:chromeOptions: {debuggerAddress: localhost:64552}, networkConnectionEnabled: false, pageLoadStrategy: normal, platformName: WINDOWS, proxy: Proxy(), se:cdp: ws://localhost:64552/devtoo..., se:cdpVersion: 110.0.5481.105, setWindowRect: true, strictFileInteractability: false, timeouts: {implicit: 0, pageLoad: 300000, script: 30000}, unhandledPromptBehavior: dismiss and notify, webauthn:extension:credBlob: true, webauthn:extension:largeBlob: true, webauthn:virtualAuthenticators: true}
Element: [[ChromeDriver: chrome on WINDOWS (afec674bd80a3d076c20cc20475adc40)] -&gt; xpath: //li[text()='10:00']]
Session ID: afec674bd80a3d076c20cc20475adc40
	at sun.reflect.NativeConstructorAccessorImpl.newInstance0(Native Method)
	at sun.reflect.NativeConstructorAccessorImpl.newInstance(NativeConstructorAccessorImpl.java:62)
	at sun.reflect.DelegatingConstructorAccessorImpl.newInstance(DelegatingConstructorAccessorImpl.java:45)
	at java.lang.reflect.Constructor.newInstance(Constructor.java:423)
	at org.openqa.selenium.remote.codec.w3c.W3CHttpResponseCodec.createException(W3CHttpResponseCodec.java:200)
	at org.openqa.selenium.remote.codec.w3c.W3CHttpResponseCodec.decode(W3CHttpResponseCodec.java:133)
	at org.openqa.selenium.remote.codec.w3c.W3CHttpResponseCodec.decode(W3CHttpResponseCodec.java:53)
	at org.openqa.selenium.remote.HttpCommandExecutor.execute(HttpCommandExecutor.java:184)
	at org.openqa.selenium.remote.service.DriverCommandExecutor.invokeExecute(DriverCommandExecutor.java:167)
	at org.openqa.selenium.remote.service.DriverCommandExecutor.execute(DriverCommandExecutor.java:142)
	at org.openqa.selenium.remote.RemoteWebDriver.execute(RemoteWebDriver.java:543)
	at org.openqa.selenium.remote.RemoteWebElement.execute(RemoteWebElement.java:257)
	at org.openqa.selenium.remote.RemoteWebElement.click(RemoteWebElement.java:78)
	at net.serenitybdd.core.pages.WebElementFacadeImpl.lambda$click$6(WebElementFacadeImpl.java:1213)
	at net.serenitybdd.core.pages.WithRetries.perform(WithRetries.java:22)
	at net.serenitybdd.core.pages.WithRetries.perform(WithRetries.java:27)
	at net.serenitybdd.core.pages.WithRetries.perform(WithRetries.java:27)
	at net.serenitybdd.core.pages.WithRetries.perform(WithRetries.java:27)
	at net.serenitybdd.core.pages.WithRetries.perform(WithRetries.java:27)
	at net.serenitybdd.core.pages.WithRetries.perform(WithRetries.java:27)
	at net.serenitybdd.core.pages.WithRetries.perform(WithRetries.java:27)
	at net.serenitybdd.core.pages.WithRetries.perform(WithRetries.java:27)
	at net.serenitybdd.core.pages.WithRetries.perform(WithRetries.java:27)
	at net.serenitybdd.core.pages.WithRetries.perform(WithRetries.java:27)
	at net.serenitybdd.core.pages.WithRetries.perform(WithRetries.java:27)
	at net.serenitybdd.core.pages.WithRetries.perform(WithRetries.java:27)
	at net.serenitybdd.core.pages.WebElementFacadeImpl.click(WebElementFacadeImpl.java:1213)
	at net.serenitybdd.screenplay.actions.ClickOnTarget.performAs(ClickOnTarget.java:14)
	at net.serenitybdd.screenplay.actions.ClickOnTarget$ByteBuddy$lbE0enea.performAs$accessor$aTG34Cfy(Unknown Source)
	at sun.reflect.GeneratedMethodAccessor68.invoke(Unknown Source)
	at sun.reflect.DelegatingMethodAccessorImpl.invoke(DelegatingMethodAccessorImpl.java:43)
	at java.lang.reflect.Method.invoke(Method.java:498)
	at net.thucydides.core.steps.StepInterceptor.invokeMethod(StepInterceptor.java:518)
	at net.thucydides.core.steps.StepInterceptor.executeTestStepMethod(StepInterceptor.java:498)
	at net.thucydides.core.steps.StepInterceptor.runTestStep(StepInterceptor.java:472)
	at net.thucydides.core.steps.StepInterceptor.runOrSkipMethod(StepInterceptor.java:211)
	at net.thucydides.core.steps.StepInterceptor.testStepResult(StepInterceptor.java:198)
	at net.thucydides.core.steps.StepInterceptor.intercept(StepInterceptor.java:86)
	at net.thucydides.core.steps.ProxyConfiguration$InterceptorDispatcher.intercept(ProxyConfiguration.java:51)
	at net.serenitybdd.screenplay.actions.ClickOnTarget$ByteBuddy$lbE0enea.performAs(Unknown Source)
	at net.serenitybdd.screenplay.Actor.performTask(Actor.java:291)
	at net.serenitybdd.screenplay.Actor.perform(Actor.java:270)
	at net.serenitybdd.screenplay.Actor.attemptsTo(Actor.java:210)
	at net.serenitybdd.screenplay.Actor.attemptsTo(Actor.java:217)
	at com.sophossolutions.tasks.date_pickers.SeleccionarFechaTime.performAs(SeleccionarFechaTime.java:23)
	at com.sophossolutions.tasks.date_pickers.SeleccionarFechaTime$ByteBuddy$rynaMOmY.performAs$accessor$Myyn6tGc(Unknown Source)
	at sun.reflect.NativeMethodAccessorImpl.invoke0(Native Method)
	at sun.reflect.NativeMethodAccessorImpl.invoke(NativeMethodAccessorImpl.java:62)
	at sun.reflect.DelegatingMethodAccessorImpl.invoke(DelegatingMethodAccessorImpl.java:43)
	at java.lang.reflect.Method.invoke(Method.java:498)
	at net.thucydides.core.steps.StepInterceptor.invokeMethod(StepInterceptor.java:518)
	at net.thucydides.core.steps.StepInterceptor.executeTestStepMethod(StepInterceptor.java:498)
	at net.thucydides.core.steps.StepInterceptor.runTestStep(StepInterceptor.java:472)
	at net.thucydides.core.steps.StepInterceptor.runOrSkipMethod(StepInterceptor.java:211)
	at net.thucydides.core.steps.StepInterceptor.testStepResult(StepInterceptor.java:198)
	at net.thucydides.core.steps.StepInterceptor.intercept(StepInterceptor.java:86)
	at net.thucydides.core.steps.ProxyConfiguration$InterceptorDispatcher.intercept(ProxyConfiguration.java:51)
	at com.sophossolutions.tasks.date_pickers.SeleccionarFechaTime$ByteBuddy$rynaMOmY.performAs(Unknown Source)
	at net.serenitybdd.screenplay.Actor.performTask(Actor.java:291)
	at net.serenitybdd.screenplay.Actor.perform(Actor.java:270)
	at net.serenitybdd.screenplay.Actor.attemptsTo(Actor.java:210)
	at net.serenitybdd.screenplay.Actor.attemptsTo(Actor.java:217)
	at com.sophossolutions.stepdefinitions.DatePickerStepDefinitions.seleccionaLaFechaYHoraEnDateAndTime(DatePickerStepDefinitions.java:32)
	at ✽.selecciona la fecha y hora en Date And Time(file:///C:/Users/julian.garay/WorkSpaceVSC/EjerciciosPracticos/src/test/resources/features/date_picker.feature:16)
</pre>
</span>
</div>
</div>
<div id="tab1" class="tab">
<h2>Tests</h2>
<table>
<thead>
<tr>
<th>Test</th>
<th>Duration</th>
<th>Result</th>
</tr>
</thead>
<tr>
<td class="failures">Agregar un nuevo registro a una tabla #1</td>
<td class="failures">20.313s</td>
<td class="failures">failed</td>
</tr>
<tr>
<td class="failures">Agregar un nuevo registro a una tabla #2</td>
<td class="failures">19.255s</td>
<td class="failures">failed</td>
</tr>
<tr>
<td class="success">Click On button click, prompt box will appear</td>
<td class="success">16.016s</td>
<td class="success">passed</td>
</tr>
<tr>
<td class="failures">Eliminar un registro a una tabla #1</td>
<td class="failures">15.539s</td>
<td class="failures">failed</td>
</tr>
<tr>
<td class="failures">Eliminar un registro a una tabla #2</td>
<td class="failures">15.251s</td>
<td class="failures">failed</td>
</tr>
<tr>
<td class="failures">Eliminar un registro a una tabla #3</td>
<td class="failures">14.847s</td>
<td class="failures">failed</td>
</tr>
<tr>
<td class="success">Interactuar con la alerta &quot;alert will appear after 5 seconds&quot;</td>
<td class="success">18.795s</td>
<td class="success">passed</td>
</tr>
<tr>
<td class="success">Interactuar con la alerta &quot;confirm box will appear&quot;</td>
<td class="success">13.480s</td>
<td class="success">passed</td>
</tr>
<tr>
<td class="success">Interactuar con la alerta &quot;see alert&quot;</td>
<td class="success">22.768s</td>
<td class="success">passed</td>
</tr>
<tr>
<td class="failures">Seleccionar fecha en &quot;Date And Time&quot;</td>
<td class="failures">36.495s</td>
<td class="failures">failed</td>
</tr>
<tr>
<td class="success">Seleccionar fecha en &quot;Select Date&quot;</td>
<td class="success">27.531s</td>
<td class="success">passed</td>
</tr>
</table>
</div>
<div id="tab2" class="tab">
<h2>Standard error</h2>
<span class="code">
<pre>Starting ChromeDriver 110.0.5481.77 (65ed616c6e8ee3fe0ad64fe83796c020644d42af-refs/branch-heads/5481@{#839}) on port 7035
Only local connections are allowed.
Please see https://chromedriver.chromium.org/security-considerations for suggestions on keeping ChromeDriver safe.
ChromeDriver was started successfully.
[1677591598.137][WARNING]: virtual void DevToolsClientImpl::AddListener(DevToolsEventListener *) subscribing a listener to the already connected DevToolsClient. Connection notification will not arrive.
feb 28, 2023 8:39:58 AM org.openqa.selenium.devtools.CdpVersionFinder findNearestMatch
ADVERTENCIA: Unable to find an exact match for CDP version 110, so returning the closest version found: 109
Starting ChromeDriver 110.0.5481.77 (65ed616c6e8ee3fe0ad64fe83796c020644d42af-refs/branch-heads/5481@{#839}) on port 13364
Only local connections are allowed.
Please see https://chromedriver.chromium.org/security-considerations for suggestions on keeping ChromeDriver safe.
ChromeDriver was started successfully.
[1677591615.622][WARNING]: virtual void DevToolsClientImpl::AddListener(DevToolsEventListener *) subscribing a listener to the already connected DevToolsClient. Connection notification will not arrive.
feb 28, 2023 8:40:15 AM org.openqa.selenium.devtools.CdpVersionFinder findNearestMatch
ADVERTENCIA: Unable to find an exact match for CDP version 110, so returning the closest version found: 109
Starting ChromeDriver 110.0.5481.77 (65ed616c6e8ee3fe0ad64fe83796c020644d42af-refs/branch-heads/5481@{#839}) on port 9860
Only local connections are allowed.
Please see https://chromedriver.chromium.org/security-considerations for suggestions on keeping ChromeDriver safe.
ChromeDriver was started successfully.
[1677591634.542][WARNING]: virtual void DevToolsClientImpl::AddListener(DevToolsEventListener *) subscribing a listener to the already connected DevToolsClient. Connection notification will not arrive.
feb 28, 2023 8:40:34 AM org.openqa.selenium.devtools.CdpVersionFinder findNearestMatch
ADVERTENCIA: Unable to find an exact match for CDP version 110, so returning the closest version found: 109
Starting ChromeDriver 110.0.5481.77 (65ed616c6e8ee3fe0ad64fe83796c020644d42af-refs/branch-heads/5481@{#839}) on port 31425
Only local connections are allowed.
Please see https://chromedriver.chromium.org/security-considerations for suggestions on keeping ChromeDriver safe.
ChromeDriver was started successfully.
[1677591648.002][WARNING]: virtual void DevToolsClientImpl::AddListener(DevToolsEventListener *) subscribing a listener to the already connected DevToolsClient. Connection notification will not arrive.
feb 28, 2023 8:40:48 AM org.openqa.selenium.devtools.CdpVersionFinder findNearestMatch
ADVERTENCIA: Unable to find an exact match for CDP version 110, so returning the closest version found: 109
Starting ChromeDriver 110.0.5481.77 (65ed616c6e8ee3fe0ad64fe83796c020644d42af-refs/branch-heads/5481@{#839}) on port 2640
Only local connections are allowed.
Please see https://chromedriver.chromium.org/security-considerations for suggestions on keeping ChromeDriver safe.
ChromeDriver was started successfully.
[1677591686.545][WARNING]: virtual void DevToolsClientImpl::AddListener(DevToolsEventListener *) subscribing a listener to the already connected DevToolsClient. Connection notification will not arrive.
feb 28, 2023 8:41:26 AM org.openqa.selenium.devtools.CdpVersionFinder findNearestMatch
ADVERTENCIA: Unable to find an exact match for CDP version 110, so returning the closest version found: 109
Starting ChromeDriver 110.0.5481.77 (65ed616c6e8ee3fe0ad64fe83796c020644d42af-refs/branch-heads/5481@{#839}) on port 34342
Only local connections are allowed.
Please see https://chromedriver.chromium.org/security-considerations for suggestions on keeping ChromeDriver safe.
ChromeDriver was started successfully.
[1677591707.127][WARNING]: virtual void DevToolsClientImpl::AddListener(DevToolsEventListener *) subscribing a listener to the already connected DevToolsClient. Connection notification will not arrive.
feb 28, 2023 8:41:47 AM org.openqa.selenium.devtools.CdpVersionFinder findNearestMatch
ADVERTENCIA: Unable to find an exact match for CDP version 110, so returning the closest version found: 109
Starting ChromeDriver 110.0.5481.77 (65ed616c6e8ee3fe0ad64fe83796c020644d42af-refs/branch-heads/5481@{#839}) on port 9459
Only local connections are allowed.
Please see https://chromedriver.chromium.org/security-considerations for suggestions on keeping ChromeDriver safe.
ChromeDriver was started successfully.
[1677591744.083][WARNING]: virtual void DevToolsClientImpl::AddListener(DevToolsEventListener *) subscribing a listener to the already connected DevToolsClient. Connection notification will not arrive.
feb 28, 2023 8:42:24 AM org.openqa.selenium.devtools.CdpVersionFinder findNearestMatch
ADVERTENCIA: Unable to find an exact match for CDP version 110, so returning the closest version found: 109
Starting ChromeDriver 110.0.5481.77 (65ed616c6e8ee3fe0ad64fe83796c020644d42af-refs/branch-heads/5481@{#839}) on port 3872
Only local connections are allowed.
Please see https://chromedriver.chromium.org/security-considerations for suggestions on keeping ChromeDriver safe.
ChromeDriver was started successfully.
[1677591759.516][WARNING]: virtual void DevToolsClientImpl::AddListener(DevToolsEventListener *) subscribing a listener to the already connected DevToolsClient. Connection notification will not arrive.
feb 28, 2023 8:42:39 AM org.openqa.selenium.devtools.CdpVersionFinder findNearestMatch
ADVERTENCIA: Unable to find an exact match for CDP version 110, so returning the closest version found: 109
Starting ChromeDriver 110.0.5481.77 (65ed616c6e8ee3fe0ad64fe83796c020644d42af-refs/branch-heads/5481@{#839}) on port 47541
Only local connections are allowed.
Please see https://chromedriver.chromium.org/security-considerations for suggestions on keeping ChromeDriver safe.
ChromeDriver was started successfully.
[1677591774.723][WARNING]: virtual void DevToolsClientImpl::AddListener(DevToolsEventListener *) subscribing a listener to the already connected DevToolsClient. Connection notification will not arrive.
feb 28, 2023 8:42:54 AM org.openqa.selenium.devtools.CdpVersionFinder findNearestMatch
ADVERTENCIA: Unable to find an exact match for CDP version 110, so returning the closest version found: 109
Starting ChromeDriver 110.0.5481.77 (65ed616c6e8ee3fe0ad64fe83796c020644d42af-refs/branch-heads/5481@{#839}) on port 22137
Only local connections are allowed.
Please see https://chromedriver.chromium.org/security-considerations for suggestions on keeping ChromeDriver safe.
ChromeDriver was started successfully.
[1677591789.585][WARNING]: virtual void DevToolsClientImpl::AddListener(DevToolsEventListener *) subscribing a listener to the already connected DevToolsClient. Connection notification will not arrive.
feb 28, 2023 8:43:09 AM org.openqa.selenium.devtools.CdpVersionFinder findNearestMatch
ADVERTENCIA: Unable to find an exact match for CDP version 110, so returning the closest version found: 109
Starting ChromeDriver 110.0.5481.77 (65ed616c6e8ee3fe0ad64fe83796c020644d42af-refs/branch-heads/5481@{#839}) on port 10500
Only local connections are allowed.
Please see https://chromedriver.chromium.org/security-considerations for suggestions on keeping ChromeDriver safe.
ChromeDriver was started successfully.
[1677591809.941][WARNING]: virtual void DevToolsClientImpl::AddListener(DevToolsEventListener *) subscribing a listener to the already connected DevToolsClient. Connection notification will not arrive.
feb 28, 2023 8:43:30 AM org.openqa.selenium.devtools.CdpVersionFinder findNearestMatch
ADVERTENCIA: Unable to find an exact match for CDP version 110, so returning the closest version found: 109
</pre>
</span>
</div>
</div>
<div id="footer">
<p>
<div>
<label class="hidden" id="label-for-line-wrapping-toggle" for="line-wrapping-toggle">Wrap lines
<input id="line-wrapping-toggle" type="checkbox" autocomplete="off"/>
</label>
</div>Generated by 
<a href="http://www.gradle.org">Gradle 7.6</a> at 28/02/2023 08:43:48 AM</p>
</div>
</div>
</body>
</html>
